<?xml version="1.0" encoding="UTF-8"?>
<testng-results skipped="0" failed="0" total="1" passed="1">
  <reporter-output>
  </reporter-output>
  <suite name="Default suite" duration-ms="11956" started-at="2020-05-04T08:36:36Z" finished-at="2020-05-04T08:36:48Z">
    <groups>
    </groups>
    <test name="Default test" duration-ms="11956" started-at="2020-05-04T08:36:36Z" finished-at="2020-05-04T08:36:48Z">
      <class name="webdriver.SignUp">
        <test-method status="PASS" signature="LeadtoAccountPage()[pri:0, instance:webdriver.SignUp@6ea12c19]" name="LeadtoAccountPage" is-config="true" duration-ms="11937" started-at="2020-05-04T15:36:36Z" finished-at="2020-05-04T15:36:48Z">
          <reporter-output>
          </reporter-output>
        </test-method> <!-- LeadtoAccountPage -->
        <test-method status="PASS" signature="TC_01_LoginEmptyUsernameAndPass()[pri:0, instance:webdriver.SignUp@6ea12c19]" name="TC_01_LoginEmptyUsernameAndPass" duration-ms="4" started-at="2020-05-04T15:36:48Z" finished-at="2020-05-04T15:36:48Z">
          <reporter-output>
          </reporter-output>
        </test-method> <!-- TC_01_LoginEmptyUsernameAndPass -->
      </class> <!-- webdriver.SignUp -->
    </test> <!-- Default test -->
  </suite> <!-- Default suite -->
</testng-results>
